2024-11-20T11:23:05.890Z [INFO]: Server running on port 3000
2024-11-20T11:24:32.105Z [INFO]: Server running on port 3000
2024-11-20T11:25:28.329Z [INFO]: Server running on port 3000
2024-11-20T11:26:19.329Z [INFO]: Server running on port 3000
2024-11-20T11:26:29.689Z [INFO]: Server running on port 3000
2024-11-20T11:26:44.327Z [INFO]: Server running on port undefined
2024-11-20T11:26:56.979Z [INFO]: Server running on port undefined
2024-11-20T11:28:01.603Z [INFO]: Server running on port undefined
2024-11-20T11:28:36.128Z [INFO]: Server running on port undefined
2024-11-20T11:30:29.838Z [INFO]: Server running on port undefined
2024-11-20T11:31:14.179Z [INFO]: Server running on port undefined
2024-11-20T11:31:58.057Z [INFO]: Server running on port 4000
2024-11-20T11:32:46.325Z [INFO]: Server running on port 4000
2024-11-20T11:36:30.713Z [INFO]: Request Body: 
2024-11-20T11:38:01.660Z [INFO]: Server running on port 4000
2024-11-20T11:40:40.080Z [INFO]: Server running on port 4000
2024-11-20T11:40:51.500Z [INFO]: Request Body: 
2024-11-20T11:44:09.923Z [INFO]: Server running on port 4000
2024-11-20T11:46:06.800Z [INFO]: Request Body: 
2024-11-20T16:09:27.310Z [INFO]: Server running on port 3200
2024-11-20T16:10:26.370Z [INFO]: Request Body: 
2024-11-20T16:12:17.722Z [INFO]: Server running on port 3200
2024-11-20T16:13:49.013Z [INFO]: Server running on port 3200
2024-11-20T16:15:26.234Z [INFO]: Server running on port 3200
2024-11-20T16:16:08.090Z [INFO]: Server running on port 3200
2024-11-20T16:16:41.526Z [INFO]: Server running on port 3200
2024-11-20T16:19:14.287Z [INFO]: Server running on port 3200
2024-11-20T16:19:31.584Z [INFO]: Server running on port 3200
2024-11-20T16:22:32.736Z [INFO]: Server running on port 3200
2024-11-20T16:23:26.975Z [INFO]: Request Body: 
2024-11-20T16:34:12.803Z [INFO]: Request Body: 
2024-11-20T16:40:54.737Z [INFO]: Server running on port 3200
2024-11-20T16:41:07.881Z [INFO]: Request Body: 
2024-11-20T17:56:59.640Z [INFO]: Server running on port 3200
2024-11-20T17:57:57.073Z [INFO]: Request Body: 
2024-11-20T18:04:00.631Z [INFO]: Server running on port 3200
2024-11-20T18:04:51.008Z [INFO]: Server running on port 3200
2024-11-20T18:06:33.782Z [INFO]: Server running on port 3200
2024-11-20T18:08:21.984Z [INFO]: Server running on port 3200
2024-11-21T04:00:23.140Z [INFO]: Server running on port 3200
2024-11-21T04:05:36.993Z [INFO]: Server running on port 3200
2024-11-21T04:08:04.462Z [INFO]: Server running on port 3200
2024-11-21T04:14:27.356Z [INFO]: Server running on port 3200
2024-11-21T04:18:04.436Z [INFO]: Server running on port 3200
2024-11-21T05:04:33.278Z [INFO]: Server running on port 3200
2024-11-21T05:08:32.132Z [INFO]: Server running on port 3200
2024-11-21T05:19:33.660Z [INFO]: Server running on port 3200
2024-11-21T05:20:20.865Z [INFO]: Server running on port 3200
2024-11-21T05:23:00.987Z [INFO]: Server running on port 3200
2024-11-21T05:23:39.830Z [INFO]: Server running on port 3200
2024-11-21T05:23:59.942Z [INFO]: Server running on port 3200
2024-11-21T05:39:28.544Z [INFO]: Server running on port 3200
2024-11-21T05:46:11.553Z [INFO]: Server running on port 3200
2024-11-21T05:56:48.199Z [INFO]: Server running on port 3200
2024-11-21T05:57:04.040Z [INFO]: Server running on port 3200
2024-11-21T05:58:25.061Z [INFO]: Server running on port 3200
2024-11-21T11:01:34.774Z [INFO]: Server running on port 3200
2024-11-21T11:01:35.129Z [INFO]: Database connected successfully!
2024-11-21T11:04:45.277Z [INFO]: Server running on port 3200
2024-11-21T11:04:45.523Z [INFO]: Database connected successfully!
2024-11-21T11:08:23.870Z [INFO]: Server running on port 3200
2024-11-21T11:08:24.058Z [INFO]: Database connected successfully!
2024-11-21T12:37:53.082Z [INFO]: Server running on port 3200
2024-11-21T12:37:53.367Z [INFO]: Database connected successfully!
2024-11-21T12:38:02.807Z [ERROR]: Login error: No metadata for "Tokens" was found.
2024-11-21T12:40:38.558Z [INFO]: Server running on port 3200
2024-11-21T12:40:38.785Z [INFO]: Database connected successfully!
2024-11-21T12:40:41.568Z [ERROR]: Login error: No metadata for "Tokens" was found.
2024-11-21T12:42:54.776Z [INFO]: Server running on port 3200
2024-11-21T12:42:55.265Z [INFO]: Database connected successfully!
2024-11-21T12:45:36.798Z [INFO]: Server running on port 3200
2024-11-21T12:45:37.024Z [INFO]: Database connected successfully!
2024-11-21T12:45:43.569Z [ERROR]: Login error: No metadata for "Tokens" was found.
2024-11-21T12:47:18.932Z [INFO]: Server running on port 3200
2024-11-21T12:47:19.224Z [INFO]: Database connected successfully!
2024-11-22T06:07:23.236Z [INFO]: Server running on port 3200
2024-11-22T06:07:23.247Z [INFO]: connected to redis
2024-11-22T06:07:23.556Z [INFO]: Database connected successfully!
2024-11-22T06:08:21.348Z [INFO]: Server running on port 3200
2024-11-22T06:08:21.364Z [INFO]: connected to redis
2024-11-22T06:08:21.584Z [INFO]: Database connected successfully!
2024-11-22T06:08:24.317Z [ERROR]: Login error: WRONGTYPE Operation against a key holding the wrong kind of value
2024-11-22T07:36:53.120Z [INFO]: Server running on port 3200
2024-11-22T07:36:53.134Z [INFO]: connected to redis
2024-11-22T07:36:53.441Z [INFO]: Database connected successfully!
2024-11-22T07:49:30.637Z [ERROR]: Login error: WRONGTYPE Operation against a key holding the wrong kind of value
2024-11-22T07:50:42.936Z [INFO]: Server running on port 3200
2024-11-22T07:50:42.973Z [INFO]: connected to redis
2024-11-22T07:50:43.243Z [INFO]: Database connected successfully!
2024-11-22T07:53:55.551Z [INFO]: Server running on port 3200
2024-11-22T07:53:55.568Z [INFO]: connected to redis
2024-11-22T07:53:55.813Z [INFO]: Database connected successfully!
2024-11-22T07:54:47.367Z [INFO]: Server running on port 3200
2024-11-22T07:54:47.400Z [INFO]: connected to redis
2024-11-22T07:54:47.634Z [INFO]: Database connected successfully!
2024-11-22T07:55:10.267Z [INFO]: Server running on port 3200
2024-11-22T07:55:10.297Z [INFO]: connected to redis
2024-11-22T07:55:10.671Z [INFO]: Database connected successfully!
2024-11-22T07:55:14.843Z [ERROR]: Login error: WRONGTYPE Operation against a key holding the wrong kind of value
2024-11-22T07:59:05.443Z [INFO]: Server running on port 3200
2024-11-22T07:59:05.488Z [INFO]: connected to redis
2024-11-22T07:59:05.712Z [INFO]: Database connected successfully!
2024-11-22T07:59:57.903Z [INFO]: Server running on port 3200
2024-11-22T07:59:57.916Z [INFO]: connected to redis
2024-11-22T07:59:58.048Z [INFO]: Database connected successfully!
2024-11-22T08:23:28.689Z [INFO]: Server running on port 3200
2024-11-22T08:23:28.719Z [INFO]: connected to redis
2024-11-22T08:23:28.949Z [INFO]: Database connected successfully!
2024-11-22T08:24:37.290Z [INFO]: Server running on port 3200
2024-11-22T08:24:37.305Z [INFO]: connected to redis
2024-11-22T08:24:37.495Z [INFO]: Database connected successfully!
2024-11-22T08:24:58.941Z [INFO]: Server running on port 3200
2024-11-22T08:24:58.987Z [INFO]: connected to redis
2024-11-22T08:24:59.189Z [INFO]: Database connected successfully!
2024-11-22T08:26:01.360Z [INFO]: Server running on port 3200
2024-11-22T08:26:01.395Z [INFO]: connected to redis
2024-11-22T08:26:01.587Z [INFO]: Database connected successfully!
2024-11-22T08:26:27.051Z [INFO]: Server running on port 3200
2024-11-22T08:26:27.062Z [INFO]: connected to redis
2024-11-22T08:26:27.321Z [INFO]: Database connected successfully!
